# JRE version: OpenJDK Runtime Environment (17.0.6) (build 17.0.6+0-b2043.56-10027231)
# Java VM: OpenJDK 64-Bit Server VM (17.0.6+0-b2043.56-10027231, mixed mode, tiered, compressed oops, compressed class ptrs, g1 gc, windows-amd64)
GC Precious Log:
 CPUs: 4 total, 4 available
 Memory: 6063M
 Large Page Support: Disabled
 NUMA Support: Disabled
 Compressed Oops: Enabled (32-bit)
 Heap Region Size: 1M
 Heap Min Capacity: 8M
 Heap Initial Capacity: 96M
 Heap Max Capacity: 2G
 Pre-touch: Disabled
 Parallel Workers: 4
 Concurrent Workers: 1
 Concurrent Refinement Workers: 4
 Periodic GC: Disabled
Heap:
 garbage-first heap   total 319488K, used 187512K [0x0000000080000000, 0x0000000100000000)
  region size 1024K, 4 young (4096K), 4 survivors (4096K)
 Metaspace       used 181905K, committed 183488K, reserved 1212416K
  class space    used 23760K, committed 24512K, reserved 1048576K
GC Heap History (20 events):
Event: 8135.117 GC heap after
{Heap after GC invocations=88 (full 1):
 garbage-first heap   total 301056K, used 110930K [0x0000000080000000, 0x0000000100000000)
  region size 1024K, 2 young (2048K), 2 survivors (2048K)
 Metaspace       used 148763K, committed 150336K, reserved 1179648K
  class space    used 19283K, committed 20096K, reserved 1048576K
}
Event: 8137.636 GC heap before
{Heap before GC invocations=89 (full 1):
 garbage-first heap   total 301056K, used 117074K [0x0000000080000000, 0x0000000100000000)
  region size 1024K, 5 young (5120K), 2 survivors (2048K)
 Metaspace       used 148856K, committed 150400K, reserved 1179648K
  class space    used 19302K, committed 20096K, reserved 1048576K
}
Event: 8137.648 GC heap after
{Heap after GC invocations=90 (full 1):
 garbage-first heap   total 301056K, used 115903K [0x0000000080000000, 0x0000000100000000)
  region size 1024K, 2 young (2048K), 2 survivors (2048K)
 Metaspace       used 148856K, committed 150400K, reserved 1179648K
  class space    used 19302K, committed 20096K, reserved 1048576K
}
Event: 8144.929 GC heap before
{Heap before GC invocations=91 (full 1):
 garbage-first heap   total 301056K, used 243903K [0x0000000080000000, 0x0000000100000000)
  region size 1024K, 111 young (113664K), 2 survivors (2048K)
 Metaspace       used 158053K, committed 159680K, reserved 1187840K
  class space    used 21002K, committed 21760K, reserved 1048576K
}
Event: 8144.978 GC heap after
{Heap after GC invocations=92 (full 1):
 garbage-first heap   total 301056K, used 143936K [0x0000000080000000, 0x0000000100000000)
  region size 1024K, 13 young (13312K), 13 survivors (13312K)
 Metaspace       used 158053K, committed 159680K, reserved 1187840K
  class space    used 21002K, committed 21760K, reserved 1048576K
}
Event: 8145.012 GC heap before
{Heap before GC invocations=92 (full 1):
 garbage-first heap   total 301056K, used 143936K [0x0000000080000000, 0x0000000100000000)
  region size 1024K, 14 young (14336K), 13 survivors (13312K)
 Metaspace       used 158226K, committed 159808K, reserved 1187840K
  class space    used 21017K, committed 21760K, reserved 1048576K
}
Event: 8145.087 GC heap after
{Heap after GC invocations=93 (full 1):
 garbage-first heap   total 301056K, used 143670K [0x0000000080000000, 0x0000000100000000)
  region size 1024K, 1 young (1024K), 1 survivors (1024K)
 Metaspace       used 158226K, committed 159808K, reserved 1187840K
  class space    used 21017K, committed 21760K, reserved 1048576K
}
Event: 8145.113 GC heap before
{Heap before GC invocations=93 (full 1):
 garbage-first heap   total 301056K, used 143670K [0x0000000080000000, 0x0000000100000000)
  region size 1024K, 2 young (2048K), 1 survivors (1024K)
 Metaspace       used 158290K, committed 159872K, reserved 1187840K
  class space    used 21026K, committed 21760K, reserved 1048576K
}
Event: 8145.116 GC heap after
{Heap after GC invocations=94 (full 1):
 garbage-first heap   total 301056K, used 142944K [0x0000000080000000, 0x0000000100000000)
  region size 1024K, 1 young (1024K), 1 survivors (1024K)
 Metaspace       used 158290K, committed 159872K, reserved 1187840K
  class space    used 21026K, committed 21760K, reserved 1048576K
}
Event: 8148.074 GC heap before
{Heap before GC invocations=95 (full 1):
 garbage-first heap   total 301056K, used 245344K [0x0000000080000000, 0x0000000100000000)
  region size 1024K, 97 young (99328K), 1 survivors (1024K)
 Metaspace       used 163782K, committed 165440K, reserved 1196032K
  class space    used 21722K, committed 22464K, reserved 1048576K
}
Event: 8148.107 GC heap after
{Heap after GC invocations=96 (full 1):
 garbage-first heap   total 301056K, used 160429K [0x0000000080000000, 0x0000000100000000)
  region size 1024K, 13 young (13312K), 13 survivors (13312K)
 Metaspace       used 163782K, committed 165440K, reserved 1196032K
  class space    used 21722K, committed 22464K, reserved 1048576K
}
Event: 8148.115 GC heap before
{Heap before GC invocations=96 (full 1):
 garbage-first heap   total 301056K, used 161453K [0x0000000080000000, 0x0000000100000000)
  region size 1024K, 14 young (14336K), 13 survivors (13312K)
 Metaspace       used 163782K, committed 165440K, reserved 1196032K
  class space    used 21722K, committed 22464K, reserved 1048576K
}
Event: 8148.152 GC heap after
{Heap after GC invocations=97 (full 1):
 garbage-first heap   total 301056K, used 161773K [0x0000000080000000, 0x0000000100000000)
  region size 1024K, 2 young (2048K), 2 survivors (2048K)
 Metaspace       used 163782K, committed 165440K, reserved 1196032K
  class space    used 21722K, committed 22464K, reserved 1048576K
}
Event: 8149.787 GC heap before
{Heap before GC invocations=97 (full 1):
 garbage-first heap   total 301056K, used 221165K [0x0000000080000000, 0x0000000100000000)
  region size 1024K, 61 young (62464K), 2 survivors (2048K)
 Metaspace       used 168036K, committed 169664K, reserved 1196032K
  class space    used 22223K, committed 22976K, reserved 1048576K
}
Event: 8149.806 GC heap after
{Heap after GC invocations=98 (full 1):
 garbage-first heap   total 301056K, used 172134K [0x0000000080000000, 0x0000000100000000)
  region size 1024K, 10 young (10240K), 10 survivors (10240K)
 Metaspace       used 168036K, committed 169664K, reserved 1196032K
  class space    used 22223K, committed 22976K, reserved 1048576K
}
Event: 8151.438 GC heap before
{Heap before GC invocations=99 (full 1):
 garbage-first heap   total 319488K, used 241766K [0x0000000080000000, 0x0000000100000000)
  region size 1024K, 72 young (73728K), 10 survivors (10240K)
 Metaspace       used 174857K, committed 176448K, reserved 1204224K
  class space    used 22867K, committed 23616K, reserved 1048576K
}
Event: 8151.468 GC heap after
{Heap after GC invocations=100 (full 1):
 garbage-first heap   total 319488K, used 184695K [0x0000000080000000, 0x0000000100000000)
  region size 1024K, 7 young (7168K), 7 survivors (7168K)
 Metaspace       used 174857K, committed 176448K, reserved 1204224K
  class space    used 22867K, committed 23616K, reserved 1048576K
}
Event: 8151.748 GC heap before
{Heap before GC invocations=100 (full 1):
 garbage-first heap   total 319488K, used 191863K [0x0000000080000000, 0x0000000100000000)
  region size 1024K, 15 young (15360K), 7 survivors (7168K)
 Metaspace       used 176157K, committed 177792K, reserved 1204224K
  class space    used 23023K, committed 23808K, reserved 1048576K
}
Event: 8151.755 GC heap after
{Heap after GC invocations=101 (full 1):
 garbage-first heap   total 319488K, used 184683K [0x0000000080000000, 0x0000000100000000)
  region size 1024K, 1 young (1024K), 1 survivors (1024K)
 Metaspace       used 176157K, committed 177792K, reserved 1204224K
  class space    used 23023K, committed 23808K, reserved 1048576K
}
Event: 8153.647 GC heap before
{Heap before GC invocations=101 (full 1):
 garbage-first heap   total 319488K, used 227691K [0x0000000080000000, 0x0000000100000000)
  region size 1024K, 44 young (45056K), 1 survivors (1024K)
 Metaspace       used 181905K, committed 183488K, reserved 1212416K
  class space    used 23760K, committed 24512K, reserved 1048576K
}

